Error: unexpected '/' in "cd ~/"
Execution halted
Error: unexpected '/' in "cd ~/"
Execution halted
Traceback (most recent call last):
  File "<stdin>", line 2, in <module>
ModuleNotFoundError: No module named 'nba_api'
From https://github.com/ismayc/ismayc.github.io
 * branch              master     -> FETCH_HEAD
   53661c85..a897fc48  master     -> origin/master
[master 9ffa49a7] Update NBA data 2025-12-25
 5 files changed, 369 insertions(+), 266 deletions(-)
 delete mode 100644 nba-over-under-2025-2026/determined_outcomes/determined_outcomes_2025-12-24.rds
 delete mode 100644 nba-over-under-2025-2026/over-under-points-calculator/determined_outcomes_2025-12-24.rds
 delete mode 100644 nba-over-under-2025-2026/rds/game_results_raw_through_2025-12-23.rds
 delete mode 100644 nba-over-under-2025-2026/rds/standings_through_2025-12-23.rds
fatal: could not read Username for 'https://github.com': Device not configured
/Users/chesterismay/Desktop/repos/ismayc.github.io/nba-over-under-2025-2026/update_nba_data.sh: line 4: pip: command not found
Traceback (most recent call last):
  File "<stdin>", line 2, in <module>
ModuleNotFoundError: No module named 'nba_api'
From https://github.com/ismayc/ismayc.github.io
 * branch              master     -> FETCH_HEAD
   2c58045c..d63e5435  master     -> origin/master
[master 1a5396d6] Update NBA data 2025-12-26
 8 files changed, 495 insertions(+), 208 deletions(-)
 delete mode 100644 nba-over-under-2025-2026/determined_outcomes/determined_outcomes_2025-12-25.rds
 delete mode 100644 nba-over-under-2025-2026/over-under-points-calculator/determined_outcomes_2025-12-25.rds
 delete mode 100644 nba-over-under-2025-2026/rds/game_results_raw_through_2025-12-24.rds
 delete mode 100644 nba-over-under-2025-2026/rds/standings_through_2025-12-24.rds
fatal: could not read Username for 'https://github.com': Device not configured
/Users/chesterismay/Desktop/repos/ismayc.github.io/nba-over-under-2025-2026/update_nba_data.sh: line 4: pip: command not found
Traceback (most recent call last):
  File "<stdin>", line 2, in <module>
ModuleNotFoundError: No module named 'nba_api'
From https://github.com/ismayc/ismayc.github.io
 * branch              master     -> FETCH_HEAD
   d63e5435..289eed03  master     -> origin/master
[master 9aca8039] Update NBA data 2025-12-27
 12 files changed, 449 insertions(+), 222 deletions(-)
 delete mode 100644 nba-over-under-2025-2026/determined_outcomes/determined_outcomes_2025-12-25.rds
 delete mode 100644 nba-over-under-2025-2026/determined_outcomes/determined_outcomes_2025-12-26.rds
 delete mode 100644 nba-over-under-2025-2026/over-under-points-calculator/determined_outcomes_2025-12-25.rds
 delete mode 100644 nba-over-under-2025-2026/over-under-points-calculator/determined_outcomes_2025-12-26.rds
 delete mode 100644 nba-over-under-2025-2026/rds/game_results_raw_through_2025-12-24.rds
 delete mode 100644 nba-over-under-2025-2026/rds/game_results_raw_through_2025-12-25.rds
 delete mode 100644 nba-over-under-2025-2026/rds/standings_through_2025-12-24.rds
 delete mode 100644 nba-over-under-2025-2026/rds/standings_through_2025-12-25.rds
fatal: could not read Username for 'https://github.com': Device not configured
/Users/chesterismay/.virtualenvs/r-reticulate/lib/python3.9/site-packages/urllib3/__init__.py:35: NotOpenSSLWarning: urllib3 v2 only supports OpenSSL 1.1.1+, currently the 'ssl' module is compiled with 'LibreSSL 2.8.3'. See: https://github.com/urllib3/urllib3/issues/3020
  warnings.warn(
Updated current_year.csv with 2435 games


/Users/chesterismay/.virtualenvs/r-reticulate/lib/python3.9/site-packages/urllib3/__init__.py:35: NotOpenSSLWarning: urllib3 v2 only supports OpenSSL 1.1.1+, currently the 'ssl' module is compiled with 'LibreSSL 2.8.3'. See: https://github.com/urllib3/urllib3/issues/3020
  warnings.warn(
Updated current_year.csv with 2443 games


From github.com:ismayc/ismayc.github.io
 * branch              master     -> FETCH_HEAD
[master 40de509c] Update NBA data 2025-12-28
 1 file changed, 1551 insertions(+), 1543 deletions(-)
To github.com:ismayc/ismayc.github.io.git
   c639de6c..40de509c  master -> master
/Users/chesterismay/.virtualenvs/r-reticulate/lib/python3.9/site-packages/urllib3/__init__.py:35: NotOpenSSLWarning: urllib3 v2 only supports OpenSSL 1.1.1+, currently the 'ssl' module is compiled with 'LibreSSL 2.8.3'. See: https://github.com/urllib3/urllib3/issues/3020
  warnings.warn(
Updated current_year.csv with 2461 games


From github.com:ismayc/ismayc.github.io
 * branch              master     -> FETCH_HEAD
[master 27d2c015] Update NBA data 2025-12-29
 1 file changed, 1563 insertions(+), 1545 deletions(-)
To github.com:ismayc/ismayc.github.io.git
   866a1b77..27d2c015  master -> master
/Users/chesterismay/.virtualenvs/r-reticulate/lib/python3.9/site-packages/urllib3/__init__.py:35: NotOpenSSLWarning: urllib3 v2 only supports OpenSSL 1.1.1+, currently the 'ssl' module is compiled with 'LibreSSL 2.8.3'. See: https://github.com/urllib3/urllib3/issues/3020
  warnings.warn(
Updated current_year.csv with 2493 games


From github.com:ismayc/ismayc.github.io
 * branch              master     -> FETCH_HEAD
   27d2c015..3788a882  master     -> origin/master
[master 1a1638b0] Update NBA data 2025-12-30
 6 files changed, 1803 insertions(+), 1796 deletions(-)
 delete mode 100644 nba-over-under-2025-2026/determined_outcomes/determined_outcomes_2025-12-29.rds
 delete mode 100644 nba-over-under-2025-2026/over-under-points-calculator/determined_outcomes_2025-12-29.rds
 delete mode 100644 nba-over-under-2025-2026/rds/game_results_raw_through_2025-12-28.rds
 delete mode 100644 nba-over-under-2025-2026/rds/standings_through_2025-12-28.rds
To github.com:ismayc/ismayc.github.io.git
   3788a882..1a1638b0  master -> master
Updated current_year.csv with 2511 games


From github.com:ismayc/ismayc.github.io
 * branch              master     -> FETCH_HEAD
   c8e369fc..dadc8c86  master     -> origin/master
[master 7f60acbf] Update NBA data 2025-12-31
 3 files changed, 2546 insertions(+), 2531 deletions(-)
remote: 
remote: GitHub found 3 vulnerabilities on ismayc/ismayc.github.io's default branch (2 high, 1 moderate). To find out more, visit:        
remote:      https://github.com/ismayc/ismayc.github.io/security/dependabot        
remote: 
To github.com:ismayc/ismayc.github.io.git
   dadc8c86..7f60acbf  master -> master
Updated current_year.csv with 2543 games


From github.com:ismayc/ismayc.github.io
 * branch              master     -> FETCH_HEAD
   74f4a37c..1e1727ad  master     -> origin/master
[master 1a13ab88] Update NBA data 2026-01-01
 2 files changed, 1657 insertions(+), 1625 deletions(-)
To github.com:ismayc/ismayc.github.io.git
   1e1727ad..1a13ab88  master -> master
Updated current_year.csv with 2557 games


From github.com:ismayc/ismayc.github.io
 * branch              master     -> FETCH_HEAD
   47208327..4346d5b6  master     -> origin/master
[master 3b0adf50] Update NBA data 2026-01-02
 3 files changed, 3024 insertions(+), 2628 deletions(-)
To github.com:ismayc/ismayc.github.io.git
   4346d5b6..3b0adf50  master -> master
Updated current_year.csv with 2591 games


From github.com:ismayc/ismayc.github.io
 * branch              master     -> FETCH_HEAD
[master 06231766] Update NBA data 2026-01-03
 2 files changed, 1658 insertions(+), 1614 deletions(-)
To github.com:ismayc/ismayc.github.io.git
   537877b4..06231766  master -> master
Updated current_year.csv with 2591 games


From github.com:ismayc/ismayc.github.io
 * branch              master     -> FETCH_HEAD
   06231766..b157c957  master     -> origin/master
[master b73036d2] Update NBA data 2026-01-04
 6 files changed, 225 insertions(+), 280 deletions(-)
 delete mode 100644 nba-over-under-2025-2026/determined_outcomes/determined_outcomes_2026-01-03.rds
 delete mode 100644 nba-over-under-2025-2026/over-under-points-calculator/determined_outcomes_2026-01-03.rds
 delete mode 100644 nba-over-under-2025-2026/rds/game_results_raw_through_2026-01-02.rds
 delete mode 100644 nba-over-under-2025-2026/rds/standings_through_2026-01-02.rds
To github.com:ismayc/ismayc.github.io.git
   b157c957..b73036d2  master -> master
Updated current_year.csv with 2655 games


From github.com:ismayc/ismayc.github.io
 * branch              master     -> FETCH_HEAD
[master 110014ab] Update NBA data 2026-01-05
 1 file changed, 2656 insertions(+), 2628 deletions(-)
To github.com:ismayc/ismayc.github.io.git
   8e75dc05..110014ab  master -> master
Updated current_year.csv with 2677 games


From github.com:ismayc/ismayc.github.io
 * branch              master     -> FETCH_HEAD
   110014ab..5882297f  master     -> origin/master
[master 294e1597] Update NBA data 2026-01-06
 6 files changed, 1909 insertions(+), 1895 deletions(-)
 delete mode 100644 nba-over-under-2025-2026/determined_outcomes/determined_outcomes_2026-01-05.rds
 delete mode 100644 nba-over-under-2025-2026/over-under-points-calculator/determined_outcomes_2026-01-05.rds
 delete mode 100644 nba-over-under-2025-2026/rds/game_results_raw_through_2026-01-04.rds
 delete mode 100644 nba-over-under-2025-2026/rds/standings_through_2026-01-04.rds
remote: 
remote: GitHub found 8 vulnerabilities on ismayc/ismayc.github.io's default branch (1 high, 3 moderate, 4 low). To find out more, visit:        
remote:      https://github.com/ismayc/ismayc.github.io/security/dependabot        
remote: 
To github.com:ismayc/ismayc.github.io.git
   5882297f..294e1597  master -> master
Updated current_year.csv with 2699 games


From github.com:ismayc/ismayc.github.io
 * branch              master     -> FETCH_HEAD
   294e1597..d795a7d0  master     -> origin/master
[master 23caacdc] Update NBA data 2026-01-07
 7 files changed, 2014 insertions(+), 1964 deletions(-)
 delete mode 100644 nba-over-under-2025-2026/determined_outcomes/determined_outcomes_2026-01-06.rds
 delete mode 100644 nba-over-under-2025-2026/over-under-points-calculator/determined_outcomes_2026-01-06.rds
 delete mode 100644 nba-over-under-2025-2026/rds/game_results_raw_through_2026-01-05.rds
 delete mode 100644 nba-over-under-2025-2026/rds/standings_through_2026-01-05.rds
remote: 
remote: GitHub found 8 vulnerabilities on ismayc/ismayc.github.io's default branch (1 high, 3 moderate, 4 low). To find out more, visit:        
remote:      https://github.com/ismayc/ismayc.github.io/security/dependabot        
remote: 
To github.com:ismayc/ismayc.github.io.git
   d795a7d0..23caacdc  master -> master
Updated current_year.csv with 2731 games


From github.com:ismayc/ismayc.github.io
 * branch              master     -> FETCH_HEAD
   23caacdc..5c5fb18b  master     -> origin/master
[master 0e927985] Update NBA data 2026-01-08
 7 files changed, 2046 insertions(+), 2040 deletions(-)
 delete mode 100644 nba-over-under-2025-2026/determined_outcomes/determined_outcomes_2026-01-07.rds
 delete mode 100644 nba-over-under-2025-2026/over-under-points-calculator/determined_outcomes_2026-01-07.rds
 delete mode 100644 nba-over-under-2025-2026/rds/game_results_raw_through_2026-01-06.rds
 delete mode 100644 nba-over-under-2025-2026/rds/standings_through_2026-01-06.rds
remote: 
remote: GitHub found 12 vulnerabilities on ismayc/ismayc.github.io's default branch (5 high, 3 moderate, 4 low). To find out more, visit:        
remote:      https://github.com/ismayc/ismayc.github.io/security/dependabot        
remote: 
To github.com:ismayc/ismayc.github.io.git
   5c5fb18b..0e927985  master -> master
Updated current_year.csv with 2749 games


From github.com:ismayc/ismayc.github.io
 * branch              master     -> FETCH_HEAD
   0e927985..b5db3ac8  master     -> origin/master
[master 32581129] Update NBA data 2026-01-09
 7 files changed, 2112 insertions(+), 2108 deletions(-)
 delete mode 100644 nba-over-under-2025-2026/determined_outcomes/determined_outcomes_2026-01-08.rds
 delete mode 100644 nba-over-under-2025-2026/over-under-points-calculator/determined_outcomes_2026-01-08.rds
 delete mode 100644 nba-over-under-2025-2026/rds/game_results_raw_through_2026-01-07.rds
 delete mode 100644 nba-over-under-2025-2026/rds/standings_through_2026-01-07.rds
remote: 
remote: GitHub found 12 vulnerabilities on ismayc/ismayc.github.io's default branch (5 high, 3 moderate, 4 low). To find out more, visit:        
remote:      https://github.com/ismayc/ismayc.github.io/security/dependabot        
remote: 
To github.com:ismayc/ismayc.github.io.git
   b5db3ac8..32581129  master -> master
Updated current_year.csv with 2789 games


From github.com:ismayc/ismayc.github.io
 * branch              master     -> FETCH_HEAD
   32581129..b990b103  master     -> origin/master
[master c9f498bc] Update NBA data 2026-01-10
 7 files changed, 2174 insertions(+), 2081 deletions(-)
 delete mode 100644 nba-over-under-2025-2026/determined_outcomes/determined_outcomes_2026-01-09.rds
 delete mode 100644 nba-over-under-2025-2026/over-under-points-calculator/determined_outcomes_2026-01-09.rds
 delete mode 100644 nba-over-under-2025-2026/rds/game_results_raw_through_2026-01-08.rds
 delete mode 100644 nba-over-under-2025-2026/rds/standings_through_2026-01-08.rds
remote: 
remote: GitHub found 12 vulnerabilities on ismayc/ismayc.github.io's default branch (5 high, 3 moderate, 4 low). To find out more, visit:        
remote:      https://github.com/ismayc/ismayc.github.io/security/dependabot        
remote: 
To github.com:ismayc/ismayc.github.io.git
   b990b103..c9f498bc  master -> master
Updated current_year.csv with 2815 games


From github.com:ismayc/ismayc.github.io
 * branch              master     -> FETCH_HEAD
   c9f498bc..ec7337bb  master     -> origin/master
[master fcdd8ebb] Update NBA data 2026-01-11
 7 files changed, 2142 insertions(+), 2124 deletions(-)
 delete mode 100644 nba-over-under-2025-2026/determined_outcomes/determined_outcomes_2026-01-10.rds
 delete mode 100644 nba-over-under-2025-2026/over-under-points-calculator/determined_outcomes_2026-01-10.rds
 delete mode 100644 nba-over-under-2025-2026/rds/game_results_raw_through_2026-01-09.rds
 delete mode 100644 nba-over-under-2025-2026/rds/standings_through_2026-01-09.rds
remote: 
remote: GitHub found 12 vulnerabilities on ismayc/ismayc.github.io's default branch (5 high, 3 moderate, 4 low). To find out more, visit:        
remote:      https://github.com/ismayc/ismayc.github.io/security/dependabot        
remote: 
To github.com:ismayc/ismayc.github.io.git
   ec7337bb..fcdd8ebb  master -> master
Updated current_year.csv with 2849 games


From github.com:ismayc/ismayc.github.io
 * branch              master     -> FETCH_HEAD
   fcdd8ebb..95469e6c  master     -> origin/master
[master 8630764f] Update NBA data 2026-01-12
 7 files changed, 2216 insertions(+), 2178 deletions(-)
 delete mode 100644 nba-over-under-2025-2026/determined_outcomes/determined_outcomes_2026-01-11.rds
 delete mode 100644 nba-over-under-2025-2026/over-under-points-calculator/determined_outcomes_2026-01-11.rds
 delete mode 100644 nba-over-under-2025-2026/rds/game_results_raw_through_2026-01-10.rds
 delete mode 100644 nba-over-under-2025-2026/rds/standings_through_2026-01-10.rds
remote: 
remote: GitHub found 12 vulnerabilities on ismayc/ismayc.github.io's default branch (5 high, 3 moderate, 4 low). To find out more, visit:        
remote:      https://github.com/ismayc/ismayc.github.io/security/dependabot        
remote: 
To github.com:ismayc/ismayc.github.io.git
   95469e6c..8630764f  master -> master
Updated current_year.csv with 2865 games


From github.com:ismayc/ismayc.github.io
 * branch              master     -> FETCH_HEAD
   8630764f..3d968057  master     -> origin/master
[master ceca9749] Update NBA data 2026-01-13
 7 files changed, 2225 insertions(+), 2215 deletions(-)
 delete mode 100644 nba-over-under-2025-2026/determined_outcomes/determined_outcomes_2026-01-12.rds
 delete mode 100644 nba-over-under-2025-2026/over-under-points-calculator/determined_outcomes_2026-01-12.rds
 delete mode 100644 nba-over-under-2025-2026/rds/game_results_raw_through_2026-01-11.rds
 delete mode 100644 nba-over-under-2025-2026/rds/standings_through_2026-01-11.rds
remote: 
remote: GitHub found 12 vulnerabilities on ismayc/ismayc.github.io's default branch (5 high, 3 moderate, 4 low). To find out more, visit:        
remote:      https://github.com/ismayc/ismayc.github.io/security/dependabot        
remote: 
To github.com:ismayc/ismayc.github.io.git
   3d968057..ceca9749  master -> master
Updated current_year.csv with 2889 games


From github.com:ismayc/ismayc.github.io
 * branch              master     -> FETCH_HEAD
   ceca9749..e130bfd8  master     -> origin/master
[master f864571c] Update NBA data 2026-01-14
 7 files changed, 2254 insertions(+), 2184 deletions(-)
 delete mode 100644 nba-over-under-2025-2026/determined_outcomes/determined_outcomes_2026-01-13.rds
 delete mode 100644 nba-over-under-2025-2026/over-under-points-calculator/determined_outcomes_2026-01-13.rds
 delete mode 100644 nba-over-under-2025-2026/rds/game_results_raw_through_2026-01-12.rds
 delete mode 100644 nba-over-under-2025-2026/rds/standings_through_2026-01-12.rds
remote: 
remote: GitHub found 13 vulnerabilities on ismayc/ismayc.github.io's default branch (5 high, 4 moderate, 4 low). To find out more, visit:        
remote:      https://github.com/ismayc/ismayc.github.io/security/dependabot        
remote: 
To github.com:ismayc/ismayc.github.io.git
   e130bfd8..f864571c  master -> master
Updated current_year.csv with 2917 games


From github.com:ismayc/ismayc.github.io
 * branch              master     -> FETCH_HEAD
   f864571c..7265c428  master     -> origin/master
[master be6831ab] Update NBA data 2026-01-15
 7 files changed, 2248 insertions(+), 2189 deletions(-)
 delete mode 100644 nba-over-under-2025-2026/determined_outcomes/determined_outcomes_2026-01-14.rds
 delete mode 100644 nba-over-under-2025-2026/over-under-points-calculator/determined_outcomes_2026-01-14.rds
 delete mode 100644 nba-over-under-2025-2026/rds/game_results_raw_through_2026-01-13.rds
 delete mode 100644 nba-over-under-2025-2026/rds/standings_through_2026-01-13.rds
remote: 
remote: GitHub found 13 vulnerabilities on ismayc/ismayc.github.io's default branch (5 high, 4 moderate, 4 low). To find out more, visit:        
remote:      https://github.com/ismayc/ismayc.github.io/security/dependabot        
remote: 
To github.com:ismayc/ismayc.github.io.git
   7265c428..be6831ab  master -> master
Updated current_year.csv with 2949 games


From github.com:ismayc/ismayc.github.io
 * branch              master     -> FETCH_HEAD
[master da6fa1a9] Update NBA data 2026-01-16
 2 files changed, 2097 insertions(+), 1876 deletions(-)
remote: 
remote: GitHub found 13 vulnerabilities on ismayc/ismayc.github.io's default branch (5 high, 4 moderate, 4 low). To find out more, visit:        
remote:      https://github.com/ismayc/ismayc.github.io/security/dependabot        
remote: 
To github.com:ismayc/ismayc.github.io.git
   464ed4f3..da6fa1a9  master -> master
Updated current_year.csv with 2967 games


From github.com:ismayc/ismayc.github.io
 * branch              master     -> FETCH_HEAD
   da6fa1a9..64a9ea04  master     -> origin/master
[master 4b9239da] Update NBA data 2026-01-17
 6 files changed, 2157 insertions(+), 2114 deletions(-)
 delete mode 100644 nba-over-under-2025-2026/determined_outcomes/determined_outcomes_2026-01-16.rds
 delete mode 100644 nba-over-under-2025-2026/over-under-points-calculator/determined_outcomes_2026-01-16.rds
 delete mode 100644 nba-over-under-2025-2026/rds/game_results_raw_through_2026-01-15.rds
 delete mode 100644 nba-over-under-2025-2026/rds/standings_through_2026-01-15.rds
remote: 
remote: GitHub found 13 vulnerabilities on ismayc/ismayc.github.io's default branch (5 high, 4 moderate, 4 low). To find out more, visit:        
remote:      https://github.com/ismayc/ismayc.github.io/security/dependabot        
remote: 
To github.com:ismayc/ismayc.github.io.git
   64a9ea04..4b9239da  master -> master
Updated current_year.csv with 2999 games


From github.com:ismayc/ismayc.github.io
 * branch              master     -> FETCH_HEAD
   4b9239da..78821bfd  master     -> origin/master
[master 4a262fb4] Update NBA data 2026-01-18
 7 files changed, 2217 insertions(+), 2166 deletions(-)
 delete mode 100644 nba-over-under-2025-2026/determined_outcomes/determined_outcomes_2026-01-17.rds
 delete mode 100644 nba-over-under-2025-2026/over-under-points-calculator/determined_outcomes_2026-01-17.rds
 delete mode 100644 nba-over-under-2025-2026/rds/game_results_raw_through_2026-01-16.rds
 delete mode 100644 nba-over-under-2025-2026/rds/standings_through_2026-01-16.rds
remote: 
remote: GitHub found 13 vulnerabilities on ismayc/ismayc.github.io's default branch (5 high, 4 moderate, 4 low). To find out more, visit:        
remote:      https://github.com/ismayc/ismayc.github.io/security/dependabot        
remote: 
To github.com:ismayc/ismayc.github.io.git
   78821bfd..4a262fb4  master -> master
Updated current_year.csv with 3027 games


From github.com:ismayc/ismayc.github.io
 * branch              master     -> FETCH_HEAD
   4a262fb4..4de2aa3a  master     -> origin/master
[master 0e92d166] Update NBA data 2026-01-19
 7 files changed, 2282 insertions(+), 2246 deletions(-)
 delete mode 100644 nba-over-under-2025-2026/determined_outcomes/determined_outcomes_2026-01-18.rds
 delete mode 100644 nba-over-under-2025-2026/over-under-points-calculator/determined_outcomes_2026-01-18.rds
 delete mode 100644 nba-over-under-2025-2026/rds/game_results_raw_through_2026-01-17.rds
 delete mode 100644 nba-over-under-2025-2026/rds/standings_through_2026-01-17.rds
remote: 
remote: GitHub found 13 vulnerabilities on ismayc/ismayc.github.io's default branch (5 high, 4 moderate, 4 low). To find out more, visit:        
remote:      https://github.com/ismayc/ismayc.github.io/security/dependabot        
remote: 
To github.com:ismayc/ismayc.github.io.git
   4de2aa3a..0e92d166  master -> master
Updated current_year.csv with 3059 games


From github.com:ismayc/ismayc.github.io
 * branch              master     -> FETCH_HEAD
   0e92d166..6882d695  master     -> origin/master
[master e1e07983] Update NBA data 2026-01-20
 7 files changed, 2311 insertions(+), 2247 deletions(-)
 delete mode 100644 nba-over-under-2025-2026/determined_outcomes/determined_outcomes_2026-01-19.rds
 delete mode 100644 nba-over-under-2025-2026/over-under-points-calculator/determined_outcomes_2026-01-19.rds
 delete mode 100644 nba-over-under-2025-2026/rds/game_results_raw_through_2026-01-18.rds
 delete mode 100644 nba-over-under-2025-2026/rds/standings_through_2026-01-18.rds
remote: 
remote: GitHub found 13 vulnerabilities on ismayc/ismayc.github.io's default branch (5 high, 4 moderate, 4 low). To find out more, visit:        
remote:      https://github.com/ismayc/ismayc.github.io/security/dependabot        
remote: 
To github.com:ismayc/ismayc.github.io.git
   6882d695..e1e07983  master -> master
Updated current_year.csv with 3081 games


From github.com:ismayc/ismayc.github.io
 * branch              master     -> FETCH_HEAD
   e1e07983..ae94d18f  master     -> origin/master
[master 030f8d6a] Update NBA data 2026-01-21
 7 files changed, 2348 insertions(+), 2332 deletions(-)
 delete mode 100644 nba-over-under-2025-2026/determined_outcomes/determined_outcomes_2026-01-20.rds
 delete mode 100644 nba-over-under-2025-2026/over-under-points-calculator/determined_outcomes_2026-01-20.rds
 delete mode 100644 nba-over-under-2025-2026/rds/game_results_raw_through_2026-01-19.rds
 delete mode 100644 nba-over-under-2025-2026/rds/standings_through_2026-01-19.rds
remote: 
remote: GitHub found 13 vulnerabilities on ismayc/ismayc.github.io's default branch (5 high, 4 moderate, 4 low). To find out more, visit:        
remote:      https://github.com/ismayc/ismayc.github.io/security/dependabot        
remote: 
To github.com:ismayc/ismayc.github.io.git
   ae94d18f..030f8d6a  master -> master
Updated current_year.csv with 3103 games


From github.com:ismayc/ismayc.github.io
 * branch              master     -> FETCH_HEAD
   030f8d6a..6867489d  master     -> origin/master
[master cbf65986] Update NBA data 2026-01-22
 7 files changed, 2374 insertions(+), 2322 deletions(-)
 delete mode 100644 nba-over-under-2025-2026/determined_outcomes/determined_outcomes_2026-01-21.rds
 delete mode 100644 nba-over-under-2025-2026/over-under-points-calculator/determined_outcomes_2026-01-21.rds
 delete mode 100644 nba-over-under-2025-2026/rds/game_results_raw_through_2026-01-20.rds
 delete mode 100644 nba-over-under-2025-2026/rds/standings_through_2026-01-20.rds
remote: 
remote: GitHub found 13 vulnerabilities on ismayc/ismayc.github.io's default branch (5 high, 4 moderate, 4 low). To find out more, visit:        
remote:      https://github.com/ismayc/ismayc.github.io/security/dependabot        
remote: 
To github.com:ismayc/ismayc.github.io.git
   6867489d..cbf65986  master -> master
Updated current_year.csv with 3131 games


From github.com:ismayc/ismayc.github.io
 * branch              master     -> FETCH_HEAD
   cbf65986..7a6769c1  master     -> origin/master
[master ba746659] Update NBA data 2026-01-23
 7 files changed, 2362 insertions(+), 2324 deletions(-)
 delete mode 100644 nba-over-under-2025-2026/determined_outcomes/determined_outcomes_2026-01-22.rds
 delete mode 100644 nba-over-under-2025-2026/over-under-points-calculator/determined_outcomes_2026-01-22.rds
 delete mode 100644 nba-over-under-2025-2026/rds/game_results_raw_through_2026-01-21.rds
 delete mode 100644 nba-over-under-2025-2026/rds/standings_through_2026-01-21.rds
remote: 
remote: GitHub found 14 vulnerabilities on ismayc/ismayc.github.io's default branch (6 high, 4 moderate, 4 low). To find out more, visit:        
remote:      https://github.com/ismayc/ismayc.github.io/security/dependabot        
remote: 
To github.com:ismayc/ismayc.github.io.git
   7a6769c1..ba746659  master -> master
Updated current_year.csv with 3161 games


From github.com:ismayc/ismayc.github.io
 * branch              master     -> FETCH_HEAD
   ba746659..21acb433  master     -> origin/master
[master c47c4532] Update NBA data 2026-01-24
 7 files changed, 2406 insertions(+), 2379 deletions(-)
 delete mode 100644 nba-over-under-2025-2026/determined_outcomes/determined_outcomes_2026-01-23.rds
 delete mode 100644 nba-over-under-2025-2026/over-under-points-calculator/determined_outcomes_2026-01-23.rds
 delete mode 100644 nba-over-under-2025-2026/rds/game_results_raw_through_2026-01-22.rds
 delete mode 100644 nba-over-under-2025-2026/rds/standings_through_2026-01-22.rds
remote: 
remote: GitHub found 14 vulnerabilities on ismayc/ismayc.github.io's default branch (6 high, 4 moderate, 4 low). To find out more, visit:        
remote:      https://github.com/ismayc/ismayc.github.io/security/dependabot        
remote: 
To github.com:ismayc/ismayc.github.io.git
   21acb433..c47c4532  master -> master
Updated current_year.csv with 3193 games


From github.com:ismayc/ismayc.github.io
 * branch              master     -> FETCH_HEAD
   c47c4532..9f641fc2  master     -> origin/master
[master 51a51aca] Update NBA data 2026-01-25
 7 files changed, 2540 insertions(+), 2438 deletions(-)
 delete mode 100644 nba-over-under-2025-2026/determined_outcomes/determined_outcomes_2026-01-24.rds
 delete mode 100644 nba-over-under-2025-2026/over-under-points-calculator/determined_outcomes_2026-01-24.rds
 delete mode 100644 nba-over-under-2025-2026/rds/game_results_raw_through_2026-01-23.rds
 delete mode 100644 nba-over-under-2025-2026/rds/standings_through_2026-01-23.rds
remote: 
remote: GitHub found 14 vulnerabilities on ismayc/ismayc.github.io's default branch (6 high, 4 moderate, 4 low). To find out more, visit:        
remote:      https://github.com/ismayc/ismayc.github.io/security/dependabot        
remote: 
To github.com:ismayc/ismayc.github.io.git
   9f641fc2..51a51aca  master -> master
Updated current_year.csv with 3209 games


From github.com:ismayc/ismayc.github.io
 * branch              master     -> FETCH_HEAD
   51a51aca..8a1d5320  master     -> origin/master
[master 1e8e576d] Update NBA data 2026-01-26
 7 files changed, 2535 insertions(+), 2411 deletions(-)
 delete mode 100644 nba-over-under-2025-2026/determined_outcomes/determined_outcomes_2026-01-25.rds
 delete mode 100644 nba-over-under-2025-2026/over-under-points-calculator/determined_outcomes_2026-01-25.rds
 delete mode 100644 nba-over-under-2025-2026/rds/game_results_raw_through_2026-01-24.rds
 delete mode 100644 nba-over-under-2025-2026/rds/standings_through_2026-01-24.rds
remote: 
remote: GitHub found 14 vulnerabilities on ismayc/ismayc.github.io's default branch (6 high, 4 moderate, 4 low). To find out more, visit:        
remote:      https://github.com/ismayc/ismayc.github.io/security/dependabot        
remote: 
To github.com:ismayc/ismayc.github.io.git
   8a1d5320..1e8e576d  master -> master
Updated current_year.csv with 3233 games


From github.com:ismayc/ismayc.github.io
 * branch              master     -> FETCH_HEAD
   1e8e576d..a65d9809  master     -> origin/master
[master 0109ba91] Update NBA data 2026-01-27
 7 files changed, 2528 insertions(+), 2396 deletions(-)
 delete mode 100644 nba-over-under-2025-2026/determined_outcomes/determined_outcomes_2026-01-26.rds
 delete mode 100644 nba-over-under-2025-2026/over-under-points-calculator/determined_outcomes_2026-01-26.rds
 delete mode 100644 nba-over-under-2025-2026/rds/game_results_raw_through_2026-01-25.rds
 delete mode 100644 nba-over-under-2025-2026/rds/standings_through_2026-01-25.rds
remote: 
remote: GitHub found 14 vulnerabilities on ismayc/ismayc.github.io's default branch (6 high, 4 moderate, 4 low). To find out more, visit:        
remote:      https://github.com/ismayc/ismayc.github.io/security/dependabot        
remote: 
To github.com:ismayc/ismayc.github.io.git
   a65d9809..0109ba91  master -> master
Updated current_year.csv with 3255 games


From github.com:ismayc/ismayc.github.io
 * branch              master     -> FETCH_HEAD
   0109ba91..879bac14  master     -> origin/master
[master c8e6c896] Update NBA data 2026-01-28
 7 files changed, 2540 insertions(+), 2427 deletions(-)
 delete mode 100644 nba-over-under-2025-2026/determined_outcomes/determined_outcomes_2026-01-27.rds
 delete mode 100644 nba-over-under-2025-2026/over-under-points-calculator/determined_outcomes_2026-01-27.rds
 delete mode 100644 nba-over-under-2025-2026/rds/game_results_raw_through_2026-01-26.rds
 delete mode 100644 nba-over-under-2025-2026/rds/standings_through_2026-01-26.rds
remote: 
remote: GitHub found 14 vulnerabilities on ismayc/ismayc.github.io's default branch (6 high, 4 moderate, 4 low). To find out more, visit:        
remote:      https://github.com/ismayc/ismayc.github.io/security/dependabot        
remote: 
To github.com:ismayc/ismayc.github.io.git
   879bac14..c8e6c896  master -> master
Updated current_year.csv with 3283 games


From github.com:ismayc/ismayc.github.io
 * branch              master     -> FETCH_HEAD
   8d776354..38a09945  master     -> origin/master
[master a332550f] Update NBA data 2026-01-29
 2 files changed, 2606 insertions(+), 2539 deletions(-)
remote: 
remote: GitHub found 14 vulnerabilities on ismayc/ismayc.github.io's default branch (6 high, 4 moderate, 4 low). To find out more, visit:        
remote:      https://github.com/ismayc/ismayc.github.io/security/dependabot        
remote: 
To github.com:ismayc/ismayc.github.io.git
   38a09945..a332550f  master -> master
Updated current_year.csv with 3307 games


From github.com:ismayc/ismayc.github.io
 * branch              master     -> FETCH_HEAD
   0d71f570..1e23ba3b  master     -> origin/master
[master 880fb003] Update NBA data 2026-01-30
 2 files changed, 2674 insertions(+), 2533 deletions(-)
remote: 
remote: GitHub found 14 vulnerabilities on ismayc/ismayc.github.io's default branch (6 high, 4 moderate, 4 low). To find out more, visit:        
remote:      https://github.com/ismayc/ismayc.github.io/security/dependabot        
remote: 
To github.com:ismayc/ismayc.github.io.git
   1e23ba3b..880fb003  master -> master
Updated current_year.csv with 3339 games


From github.com:ismayc/ismayc.github.io
 * branch              master     -> FETCH_HEAD
   880fb003..e5c9978d  master     -> origin/master
[master 2392e562] Update NBA data 2026-01-31
 7 files changed, 2734 insertions(+), 2604 deletions(-)
 delete mode 100644 nba-over-under-2025-2026/determined_outcomes/determined_outcomes_2026-01-30.rds
 delete mode 100644 nba-over-under-2025-2026/over-under-points-calculator/determined_outcomes_2026-01-30.rds
 delete mode 100644 nba-over-under-2025-2026/rds/game_results_raw_through_2026-01-29.rds
 delete mode 100644 nba-over-under-2025-2026/rds/standings_through_2026-01-29.rds
remote: 
remote: GitHub found 14 vulnerabilities on ismayc/ismayc.github.io's default branch (6 high, 4 moderate, 4 low). To find out more, visit:        
remote:      https://github.com/ismayc/ismayc.github.io/security/dependabot        
remote: 
To github.com:ismayc/ismayc.github.io.git
   e5c9978d..2392e562  master -> master
Updated current_year.csv with 3365 games


From github.com:ismayc/ismayc.github.io
 * branch              master     -> FETCH_HEAD
   2392e562..a2e89fbe  master     -> origin/master
[master c8bf524f] Update NBA data 2026-02-01
 7 files changed, 2740 insertions(+), 2565 deletions(-)
 delete mode 100644 nba-over-under-2025-2026/determined_outcomes/determined_outcomes_2026-01-31.rds
 delete mode 100644 nba-over-under-2025-2026/over-under-points-calculator/determined_outcomes_2026-01-31.rds
 delete mode 100644 nba-over-under-2025-2026/rds/game_results_raw_through_2026-01-30.rds
 delete mode 100644 nba-over-under-2025-2026/rds/standings_through_2026-01-30.rds
remote: 
remote: GitHub found 14 vulnerabilities on ismayc/ismayc.github.io's default branch (6 high, 4 moderate, 4 low). To find out more, visit:        
remote:      https://github.com/ismayc/ismayc.github.io/security/dependabot        
remote: 
To github.com:ismayc/ismayc.github.io.git
   a2e89fbe..c8bf524f  master -> master
Updated current_year.csv with 3399 games


From github.com:ismayc/ismayc.github.io
 * branch              master     -> FETCH_HEAD
   c8bf524f..df2c6a1a  master     -> origin/master
[master 11f4f2af] Update NBA data 2026-02-02
 7 files changed, 2776 insertions(+), 2614 deletions(-)
 delete mode 100644 nba-over-under-2025-2026/determined_outcomes/determined_outcomes_2026-02-01.rds
 delete mode 100644 nba-over-under-2025-2026/over-under-points-calculator/determined_outcomes_2026-02-01.rds
 delete mode 100644 nba-over-under-2025-2026/rds/game_results_raw_through_2026-01-31.rds
 delete mode 100644 nba-over-under-2025-2026/rds/standings_through_2026-01-31.rds
remote: 
remote: GitHub found 14 vulnerabilities on ismayc/ismayc.github.io's default branch (6 high, 4 moderate, 4 low). To find out more, visit:        
remote:      https://github.com/ismayc/ismayc.github.io/security/dependabot        
remote: 
To github.com:ismayc/ismayc.github.io.git
   df2c6a1a..11f4f2af  master -> master
Updated current_year.csv with 3417 games


From github.com:ismayc/ismayc.github.io
 * branch              master     -> FETCH_HEAD
   11f4f2af..d3b80e2a  master     -> origin/master
[master 2604df74] Update NBA data 2026-02-03
 7 files changed, 2740 insertions(+), 2574 deletions(-)
 delete mode 100644 nba-over-under-2025-2026/determined_outcomes/determined_outcomes_2026-02-02.rds
 delete mode 100644 nba-over-under-2025-2026/over-under-points-calculator/determined_outcomes_2026-02-02.rds
 delete mode 100644 nba-over-under-2025-2026/rds/game_results_raw_through_2026-02-01.rds
 delete mode 100644 nba-over-under-2025-2026/rds/standings_through_2026-02-01.rds
remote: 
remote: GitHub found 14 vulnerabilities on ismayc/ismayc.github.io's default branch (6 high, 4 moderate, 4 low). To find out more, visit:        
remote:      https://github.com/ismayc/ismayc.github.io/security/dependabot        
remote: 
To github.com:ismayc/ismayc.github.io.git
   d3b80e2a..2604df74  master -> master
Updated current_year.csv with 3445 games


From github.com:ismayc/ismayc.github.io
 * branch              master     -> FETCH_HEAD
   2604df74..515cf276  master     -> origin/master
[master 79dc60dc] Update NBA data 2026-02-04
 7 files changed, 2808 insertions(+), 2616 deletions(-)
 delete mode 100644 nba-over-under-2025-2026/determined_outcomes/determined_outcomes_2026-02-03.rds
 delete mode 100644 nba-over-under-2025-2026/over-under-points-calculator/determined_outcomes_2026-02-03.rds
 delete mode 100644 nba-over-under-2025-2026/rds/game_results_raw_through_2026-02-02.rds
 delete mode 100644 nba-over-under-2025-2026/rds/standings_through_2026-02-02.rds
remote: 
remote: GitHub found 14 vulnerabilities on ismayc/ismayc.github.io's default branch (6 high, 4 moderate, 4 low). To find out more, visit:        
remote:      https://github.com/ismayc/ismayc.github.io/security/dependabot        
remote: 
To github.com:ismayc/ismayc.github.io.git
   515cf276..79dc60dc  master -> master
Updated current_year.csv with 3473 games


From github.com:ismayc/ismayc.github.io
 * branch              master     -> FETCH_HEAD
   79dc60dc..a62530cd  master     -> origin/master
[master 8a4f82b2] Update NBA data 2026-02-05
 7 files changed, 2766 insertions(+), 2638 deletions(-)
 delete mode 100644 nba-over-under-2025-2026/determined_outcomes/determined_outcomes_2026-02-04.rds
 delete mode 100644 nba-over-under-2025-2026/over-under-points-calculator/determined_outcomes_2026-02-04.rds
 delete mode 100644 nba-over-under-2025-2026/rds/game_results_raw_through_2026-02-03.rds
 delete mode 100644 nba-over-under-2025-2026/rds/standings_through_2026-02-03.rds
remote: 
remote: GitHub found 14 vulnerabilities on ismayc/ismayc.github.io's default branch (6 high, 4 moderate, 4 low). To find out more, visit:        
remote:      https://github.com/ismayc/ismayc.github.io/security/dependabot        
remote: 
To github.com:ismayc/ismayc.github.io.git
   a62530cd..8a4f82b2  master -> master
Updated current_year.csv with 3495 games


From github.com:ismayc/ismayc.github.io
 * branch              master     -> FETCH_HEAD
   8a4f82b2..47999818  master     -> origin/master
[master 2e8412a4] Update NBA data 2026-02-06
 7 files changed, 2821 insertions(+), 2658 deletions(-)
 delete mode 100644 nba-over-under-2025-2026/determined_outcomes/determined_outcomes_2026-02-05.rds
 delete mode 100644 nba-over-under-2025-2026/over-under-points-calculator/determined_outcomes_2026-02-05.rds
 delete mode 100644 nba-over-under-2025-2026/rds/game_results_raw_through_2026-02-04.rds
 delete mode 100644 nba-over-under-2025-2026/rds/standings_through_2026-02-04.rds
remote: 
remote: GitHub found 14 vulnerabilities on ismayc/ismayc.github.io's default branch (6 high, 4 moderate, 4 low). To find out more, visit:        
remote:      https://github.com/ismayc/ismayc.github.io/security/dependabot        
remote: 
To github.com:ismayc/ismayc.github.io.git
   47999818..2e8412a4  master -> master
Updated current_year.csv with 3523 games


From github.com:ismayc/ismayc.github.io
 * branch              master     -> FETCH_HEAD
   2e8412a4..15177677  master     -> origin/master
[master 1ce28bb3] Update NBA data 2026-02-07
 7 files changed, 2824 insertions(+), 2644 deletions(-)
 delete mode 100644 nba-over-under-2025-2026/determined_outcomes/determined_outcomes_2026-02-06.rds
 delete mode 100644 nba-over-under-2025-2026/over-under-points-calculator/determined_outcomes_2026-02-06.rds
 delete mode 100644 nba-over-under-2025-2026/rds/game_results_raw_through_2026-02-05.rds
 delete mode 100644 nba-over-under-2025-2026/rds/standings_through_2026-02-05.rds
remote: 
remote: GitHub found 14 vulnerabilities on ismayc/ismayc.github.io's default branch (6 high, 4 moderate, 4 low). To find out more, visit:        
remote:      https://github.com/ismayc/ismayc.github.io/security/dependabot        
remote: 
To github.com:ismayc/ismayc.github.io.git
   15177677..1ce28bb3  master -> master
Updated current_year.csv with 3561 games


From github.com:ismayc/ismayc.github.io
 * branch              master     -> FETCH_HEAD
   1ce28bb3..7c9db25a  master     -> origin/master
[master 94957331] Update NBA data 2026-02-08
 7 files changed, 2897 insertions(+), 2731 deletions(-)
 delete mode 100644 nba-over-under-2025-2026/determined_outcomes/determined_outcomes_2026-02-07.rds
 delete mode 100644 nba-over-under-2025-2026/over-under-points-calculator/determined_outcomes_2026-02-07.rds
 delete mode 100644 nba-over-under-2025-2026/rds/game_results_raw_through_2026-02-06.rds
 delete mode 100644 nba-over-under-2025-2026/rds/standings_through_2026-02-06.rds
remote: 
remote: GitHub found 14 vulnerabilities on ismayc/ismayc.github.io's default branch (6 high, 4 moderate, 4 low). To find out more, visit:        
remote:      https://github.com/ismayc/ismayc.github.io/security/dependabot        
remote: 
To github.com:ismayc/ismayc.github.io.git
   7c9db25a..94957331  master -> master
Updated current_year.csv with 3575 games


From github.com:ismayc/ismayc.github.io
 * branch              master     -> FETCH_HEAD
   94957331..7469bc1b  master     -> origin/master
[master 3ffdb4c5] Update NBA data 2026-02-09
 7 files changed, 2864 insertions(+), 2704 deletions(-)
 delete mode 100644 nba-over-under-2025-2026/determined_outcomes/determined_outcomes_2026-02-08.rds
 delete mode 100644 nba-over-under-2025-2026/over-under-points-calculator/determined_outcomes_2026-02-08.rds
 delete mode 100644 nba-over-under-2025-2026/rds/game_results_raw_through_2026-02-07.rds
 delete mode 100644 nba-over-under-2025-2026/rds/standings_through_2026-02-07.rds
remote: 
remote: GitHub found 14 vulnerabilities on ismayc/ismayc.github.io's default branch (6 high, 4 moderate, 4 low). To find out more, visit:        
remote:      https://github.com/ismayc/ismayc.github.io/security/dependabot        
remote: 
To github.com:ismayc/ismayc.github.io.git
   7469bc1b..3ffdb4c5  master -> master
Updated current_year.csv with 3601 games


From github.com:ismayc/ismayc.github.io
 * branch              master     -> FETCH_HEAD
   3ffdb4c5..e2abd1b4  master     -> origin/master
[master b8b83876] Update NBA data 2026-02-10
 7 files changed, 2925 insertions(+), 2733 deletions(-)
 delete mode 100644 nba-over-under-2025-2026/determined_outcomes/determined_outcomes_2026-02-09.rds
 delete mode 100644 nba-over-under-2025-2026/over-under-points-calculator/determined_outcomes_2026-02-09.rds
 delete mode 100644 nba-over-under-2025-2026/rds/game_results_raw_through_2026-02-08.rds
 delete mode 100644 nba-over-under-2025-2026/rds/standings_through_2026-02-08.rds
remote: 
remote: GitHub found 14 vulnerabilities on ismayc/ismayc.github.io's default branch (6 high, 4 moderate, 4 low). To find out more, visit:        
remote:      https://github.com/ismayc/ismayc.github.io/security/dependabot        
remote: 
To github.com:ismayc/ismayc.github.io.git
   e2abd1b4..b8b83876  master -> master
Updated current_year.csv with 3621 games


From github.com:ismayc/ismayc.github.io
 * branch              master     -> FETCH_HEAD
   b8b83876..5cbf2959  master     -> origin/master
[master f79b24e7] Update NBA data 2026-02-11
 7 files changed, 2910 insertions(+), 2744 deletions(-)
 delete mode 100644 nba-over-under-2025-2026/determined_outcomes/determined_outcomes_2026-02-10.rds
 delete mode 100644 nba-over-under-2025-2026/over-under-points-calculator/determined_outcomes_2026-02-10.rds
 delete mode 100644 nba-over-under-2025-2026/rds/game_results_raw_through_2026-02-09.rds
 delete mode 100644 nba-over-under-2025-2026/rds/standings_through_2026-02-09.rds
remote: 
remote: GitHub found 14 vulnerabilities on ismayc/ismayc.github.io's default branch (6 high, 4 moderate, 4 low). To find out more, visit:        
remote:      https://github.com/ismayc/ismayc.github.io/security/dependabot        
remote: 
To github.com:ismayc/ismayc.github.io.git
   5cbf2959..f79b24e7  master -> master
Updated current_year.csv with 3691 games


From github.com:ismayc/ismayc.github.io
 * branch              master     -> FETCH_HEAD
   21db133c..f24c8fee  master     -> origin/master
[master 6c3a6966] Update NBA data 2026-02-13
 2 files changed, 2482 insertions(+), 2454 deletions(-)
remote: 
remote: GitHub found 9 vulnerabilities on ismayc/ismayc.github.io's default branch (1 high, 4 moderate, 4 low). To find out more, visit:        
remote:      https://github.com/ismayc/ismayc.github.io/security/dependabot        
remote: 
To github.com:ismayc/ismayc.github.io.git
   f24c8fee..6c3a6966  master -> master
Updated current_year.csv with 3699 games


From github.com:ismayc/ismayc.github.io
 * branch              master     -> FETCH_HEAD
   6c3a6966..9f3d21c5  master     -> origin/master
[master 6d54e20f] Update NBA data 2026-02-14
 6 files changed, 2773 insertions(+), 2510 deletions(-)
 delete mode 100644 nba-over-under-2025-2026/determined_outcomes/determined_outcomes_2026-02-13.rds
 delete mode 100644 nba-over-under-2025-2026/over-under-points-calculator/determined_outcomes_2026-02-13.rds
 delete mode 100644 nba-over-under-2025-2026/rds/game_results_raw_through_2026-02-12.rds
 delete mode 100644 nba-over-under-2025-2026/rds/standings_through_2026-02-12.rds
remote: 
remote: GitHub found 9 vulnerabilities on ismayc/ismayc.github.io's default branch (1 high, 4 moderate, 4 low). To find out more, visit:        
remote:      https://github.com/ismayc/ismayc.github.io/security/dependabot        
remote: 
To github.com:ismayc/ismayc.github.io.git
   9f3d21c5..6d54e20f  master -> master
Updated current_year.csv with 3699 games


From github.com:ismayc/ismayc.github.io
 * branch              master     -> FETCH_HEAD
   6d54e20f..ca90e9d6  master     -> origin/master
[master c4cbbd24] Update NBA data 2026-02-15
 6 files changed, 2849 insertions(+), 2520 deletions(-)
 delete mode 100644 nba-over-under-2025-2026/determined_outcomes/determined_outcomes_2026-02-14.rds
 delete mode 100644 nba-over-under-2025-2026/over-under-points-calculator/determined_outcomes_2026-02-14.rds
 delete mode 100644 nba-over-under-2025-2026/rds/game_results_raw_through_2026-02-13.rds
 delete mode 100644 nba-over-under-2025-2026/rds/standings_through_2026-02-13.rds
remote: 
remote: GitHub found 9 vulnerabilities on ismayc/ismayc.github.io's default branch (1 high, 4 moderate, 4 low). To find out more, visit:        
remote:      https://github.com/ismayc/ismayc.github.io/security/dependabot        
remote: 
To github.com:ismayc/ismayc.github.io.git
   ca90e9d6..c4cbbd24  master -> master
Updated current_year.csv with 3713 games


From github.com:ismayc/ismayc.github.io
 * branch              master     -> FETCH_HEAD
   c4cbbd24..e6bd20ad  master     -> origin/master
[master 789e1727] Update NBA data 2026-02-16
 6 files changed, 2868 insertions(+), 2525 deletions(-)
 delete mode 100644 nba-over-under-2025-2026/determined_outcomes/determined_outcomes_2026-02-15.rds
 delete mode 100644 nba-over-under-2025-2026/over-under-points-calculator/determined_outcomes_2026-02-15.rds
 delete mode 100644 nba-over-under-2025-2026/rds/game_results_raw_through_2026-02-14.rds
 delete mode 100644 nba-over-under-2025-2026/rds/standings_through_2026-02-14.rds
remote: 
remote: GitHub found 9 vulnerabilities on ismayc/ismayc.github.io's default branch (1 high, 4 moderate, 4 low). To find out more, visit:        
remote:      https://github.com/ismayc/ismayc.github.io/security/dependabot        
remote: 
To github.com:ismayc/ismayc.github.io.git
   e6bd20ad..789e1727  master -> master
Updated current_year.csv with 3713 games


From github.com:ismayc/ismayc.github.io
 * branch              master     -> FETCH_HEAD
   789e1727..fe3add80  master     -> origin/master
[master 323ad833] Update NBA data 2026-02-17
 6 files changed, 2831 insertions(+), 2502 deletions(-)
 delete mode 100644 nba-over-under-2025-2026/determined_outcomes/determined_outcomes_2026-02-16.rds
 delete mode 100644 nba-over-under-2025-2026/over-under-points-calculator/determined_outcomes_2026-02-16.rds
 delete mode 100644 nba-over-under-2025-2026/rds/game_results_raw_through_2026-02-15.rds
 delete mode 100644 nba-over-under-2025-2026/rds/standings_through_2026-02-15.rds
remote: 
remote: GitHub found 9 vulnerabilities on ismayc/ismayc.github.io's default branch (1 high, 4 moderate, 4 low). To find out more, visit:        
remote:      https://github.com/ismayc/ismayc.github.io/security/dependabot        
remote: 
To github.com:ismayc/ismayc.github.io.git
   fe3add80..323ad833  master -> master
Updated current_year.csv with 3713 games


From github.com:ismayc/ismayc.github.io
 * branch              master     -> FETCH_HEAD
   323ad833..d8ca47b5  master     -> origin/master
[master fe785d92] Update NBA data 2026-02-18
 6 files changed, 2864 insertions(+), 2535 deletions(-)
 delete mode 100644 nba-over-under-2025-2026/determined_outcomes/determined_outcomes_2026-02-17.rds
 delete mode 100644 nba-over-under-2025-2026/over-under-points-calculator/determined_outcomes_2026-02-17.rds
 delete mode 100644 nba-over-under-2025-2026/rds/game_results_raw_through_2026-02-16.rds
 delete mode 100644 nba-over-under-2025-2026/rds/standings_through_2026-02-16.rds
remote: 
remote: GitHub found 9 vulnerabilities on ismayc/ismayc.github.io's default branch (1 high, 4 moderate, 4 low). To find out more, visit:        
remote:      https://github.com/ismayc/ismayc.github.io/security/dependabot        
remote: 
To github.com:ismayc/ismayc.github.io.git
   d8ca47b5..fe785d92  master -> master
Updated current_year.csv with 3713 games


From github.com:ismayc/ismayc.github.io
 * branch              master     -> FETCH_HEAD
   fe785d92..d2d85f4e  master     -> origin/master
[master a2d89915] Update NBA data 2026-02-19
 6 files changed, 2857 insertions(+), 2528 deletions(-)
 delete mode 100644 nba-over-under-2025-2026/determined_outcomes/determined_outcomes_2026-02-18.rds
 delete mode 100644 nba-over-under-2025-2026/over-under-points-calculator/determined_outcomes_2026-02-18.rds
 delete mode 100644 nba-over-under-2025-2026/rds/game_results_raw_through_2026-02-17.rds
 delete mode 100644 nba-over-under-2025-2026/rds/standings_through_2026-02-17.rds
remote: 
remote: GitHub found 9 vulnerabilities on ismayc/ismayc.github.io's default branch (1 high, 4 moderate, 4 low). To find out more, visit:        
remote:      https://github.com/ismayc/ismayc.github.io/security/dependabot        
remote: 
To github.com:ismayc/ismayc.github.io.git
   d2d85f4e..a2d89915  master -> master
Updated current_year.csv with 1821 games


From github.com:ismayc/ismayc.github.io
 * branch              master     -> FETCH_HEAD
   a2d89915..2da4f49c  master     -> origin/master
[master 773b1802] Update NBA data 2026-02-20
 7 files changed, 2121 insertions(+), 3846 deletions(-)
 delete mode 100644 nba-over-under-2025-2026/determined_outcomes/determined_outcomes_2026-02-19.rds
 delete mode 100644 nba-over-under-2025-2026/over-under-points-calculator/determined_outcomes_2026-02-19.rds
 delete mode 100644 nba-over-under-2025-2026/rds/game_results_raw_through_2026-02-18.rds
 delete mode 100644 nba-over-under-2025-2026/rds/standings_through_2026-02-18.rds
remote: 
remote: GitHub found 9 vulnerabilities on ismayc/ismayc.github.io's default branch (1 high, 4 moderate, 4 low). To find out more, visit:        
remote:      https://github.com/ismayc/ismayc.github.io/security/dependabot        
remote: 
To github.com:ismayc/ismayc.github.io.git
   2da4f49c..773b1802  master -> master
Traceback (most recent call last):
  File "/Users/chesterismay/.virtualenvs/r-reticulate/lib/python3.9/site-packages/urllib3/connectionpool.py", line 468, in _make_request
    six.raise_from(e, None)
  File "<string>", line 3, in raise_from
  File "/Users/chesterismay/.virtualenvs/r-reticulate/lib/python3.9/site-packages/urllib3/connectionpool.py", line 463, in _make_request
    httplib_response = conn.getresponse()
  File "/Library/Developer/CommandLineTools/Library/Frameworks/Python3.framework/Versions/3.9/lib/python3.9/http/client.py", line 1349, in getresponse
    response.begin()
  File "/Library/Developer/CommandLineTools/Library/Frameworks/Python3.framework/Versions/3.9/lib/python3.9/http/client.py", line 316, in begin
    version, status, reason = self._read_status()
  File "/Library/Developer/CommandLineTools/Library/Frameworks/Python3.framework/Versions/3.9/lib/python3.9/http/client.py", line 277, in _read_status
    line = str(self.fp.readline(_MAXLINE + 1), "iso-8859-1")
  File "/Library/Developer/CommandLineTools/Library/Frameworks/Python3.framework/Versions/3.9/lib/python3.9/socket.py", line 704, in readinto
    return self._sock.recv_into(b)
  File "/Library/Developer/CommandLineTools/Library/Frameworks/Python3.framework/Versions/3.9/lib/python3.9/ssl.py", line 1241, in recv_into
    return self.read(nbytes, buffer)
  File "/Library/Developer/CommandLineTools/Library/Frameworks/Python3.framework/Versions/3.9/lib/python3.9/ssl.py", line 1099, in read
    return self._sslobj.read(len, buffer)
socket.timeout: The read operation timed out

During handling of the above exception, another exception occurred:

Traceback (most recent call last):
  File "/Users/chesterismay/.virtualenvs/r-reticulate/lib/python3.9/site-packages/requests/adapters.py", line 644, in send
    resp = conn.urlopen(
  File "/Users/chesterismay/.virtualenvs/r-reticulate/lib/python3.9/site-packages/urllib3/connectionpool.py", line 802, in urlopen
    retries = retries.increment(
  File "/Users/chesterismay/.virtualenvs/r-reticulate/lib/python3.9/site-packages/urllib3/util/retry.py", line 552, in increment
    raise six.reraise(type(error), error, _stacktrace)
  File "/Users/chesterismay/.virtualenvs/r-reticulate/lib/python3.9/site-packages/urllib3/packages/six.py", line 770, in reraise
    raise value
  File "/Users/chesterismay/.virtualenvs/r-reticulate/lib/python3.9/site-packages/urllib3/connectionpool.py", line 716, in urlopen
    httplib_response = self._make_request(
  File "/Users/chesterismay/.virtualenvs/r-reticulate/lib/python3.9/site-packages/urllib3/connectionpool.py", line 470, in _make_request
    self._raise_timeout(err=e, url=url, timeout_value=read_timeout)
  File "/Users/chesterismay/.virtualenvs/r-reticulate/lib/python3.9/site-packages/urllib3/connectionpool.py", line 358, in _raise_timeout
    raise ReadTimeoutError(
urllib3.exceptions.ReadTimeoutError: HTTPSConnectionPool(host='stats.nba.com', port=443): Read timed out. (read timeout=30)

During handling of the above exception, another exception occurred:

Traceback (most recent call last):
  File "<stdin>", line 3, in <module>
  File "/Users/chesterismay/.virtualenvs/r-reticulate/lib/python3.9/site-packages/nba_api/stats/endpoints/leaguegamefinder.py", line 249, in __init__
    self.get_request()
  File "/Users/chesterismay/.virtualenvs/r-reticulate/lib/python3.9/site-packages/nba_api/stats/endpoints/leaguegamefinder.py", line 252, in get_request
    self.nba_response = NBAStatsHTTP().send_api_request(
  File "/Users/chesterismay/.virtualenvs/r-reticulate/lib/python3.9/site-packages/nba_api/library/http.py", line 160, in send_api_request
    response = self.get_session().get(
  File "/Users/chesterismay/.virtualenvs/r-reticulate/lib/python3.9/site-packages/requests/sessions.py", line 602, in get
    return self.request("GET", url, **kwargs)
  File "/Users/chesterismay/.virtualenvs/r-reticulate/lib/python3.9/site-packages/requests/sessions.py", line 589, in request
    resp = self.send(prep, **send_kwargs)
  File "/Users/chesterismay/.virtualenvs/r-reticulate/lib/python3.9/site-packages/requests/sessions.py", line 703, in send
    r = adapter.send(request, **kwargs)
  File "/Users/chesterismay/.virtualenvs/r-reticulate/lib/python3.9/site-packages/requests/adapters.py", line 690, in send
    raise ReadTimeout(e, request=request)
requests.exceptions.ReadTimeout: HTTPSConnectionPool(host='stats.nba.com', port=443): Read timed out. (read timeout=30)
From github.com:ismayc/ismayc.github.io
 * branch              master     -> FETCH_HEAD
   773b1802..e8a191af  master     -> origin/master
[master e25a07d9] Update NBA data 2026-02-21
 6 files changed, 300 insertions(+), 316 deletions(-)
 delete mode 100644 nba-over-under-2025-2026/determined_outcomes/determined_outcomes_2026-02-20.rds
 delete mode 100644 nba-over-under-2025-2026/over-under-points-calculator/determined_outcomes_2026-02-20.rds
 delete mode 100644 nba-over-under-2025-2026/rds/game_results_raw_through_2026-02-19.rds
 delete mode 100644 nba-over-under-2025-2026/rds/standings_through_2026-02-19.rds
remote: 
remote: GitHub found 9 vulnerabilities on ismayc/ismayc.github.io's default branch (1 high, 4 moderate, 4 low). To find out more, visit:        
remote:      https://github.com/ismayc/ismayc.github.io/security/dependabot        
remote: 
To github.com:ismayc/ismayc.github.io.git
   e8a191af..e25a07d9  master -> master
